<?xml version="1.0" encoding="UTF-8"?>
<testng-results skipped="0" failed="0" total="1" passed="1">
  <reporter-output>
  </reporter-output>
  <suite name="Suite" duration-ms="90232" started-at="2020-12-08T06:25:31Z" finished-at="2020-12-08T06:27:01Z">
    <groups>
    </groups>
    <test name="Test" duration-ms="90232" started-at="2020-12-08T06:25:31Z" finished-at="2020-12-08T06:27:01Z">
      <class name="com.qa.demologintest.DemoLoginTestClass">
        <test-method status="PASS" signature="setup()[pri:0, instance:com.qa.demologintest.DemoLoginTestClass@153acfe]" name="setup" is-config="true" duration-ms="38750" started-at="2020-12-08T11:55:31Z" finished-at="2020-12-08T11:56:10Z">
          <reporter-output>
          </reporter-output>
        </test-method> <!-- setup -->
        <test-method status="PASS" signature="login()[pri:0, instance:com.qa.demologintest.DemoLoginTestClass@153acfe]" name="login" duration-ms="49311" started-at="2020-12-08T11:56:10Z" finished-at="2020-12-08T11:56:59Z">
          <reporter-output>
          </reporter-output>
        </test-method> <!-- login -->
        <test-method status="PASS" signature="teardown()[pri:0, instance:com.qa.demologintest.DemoLoginTestClass@153acfe]" name="teardown" is-config="true" duration-ms="2123" started-at="2020-12-08T11:56:59Z" finished-at="2020-12-08T11:57:01Z">
          <reporter-output>
          </reporter-output>
        </test-method> <!-- teardown -->
      </class> <!-- com.qa.demologintest.DemoLoginTestClass -->
    </test> <!-- Test -->
  </suite> <!-- Suite -->
</testng-results>
