<?xml version="1.0" encoding="UTF-8"?>
<testng-results skipped="0" failed="0" total="1" passed="1">
  <reporter-output>
  </reporter-output>
  <suite name="Suite" duration-ms="24649" started-at="2020-10-27T16:38:50Z" finished-at="2020-10-27T16:39:15Z">
    <groups>
    </groups>
    <test name="Test" duration-ms="24649" started-at="2020-10-27T16:38:50Z" finished-at="2020-10-27T16:39:15Z">
      <class name="module.NewTest">
        <test-method status="PASS" signature="beforeTest()[pri:0, instance:module.NewTest@c285f4]" name="beforeTest" is-config="true" duration-ms="12032" started-at="2020-10-27T22:08:50Z" finished-at="2020-10-27T22:09:02Z">
          <reporter-output>
          </reporter-output>
        </test-method> <!-- beforeTest -->
        <test-method status="PASS" signature="testEasy()[pri:0, instance:module.NewTest@c285f4]" name="testEasy" duration-ms="11836" started-at="2020-10-27T22:09:02Z" finished-at="2020-10-27T22:09:14Z">
          <reporter-output>
          </reporter-output>
        </test-method> <!-- testEasy -->
        <test-method status="PASS" signature="afterTest()[pri:0, instance:module.NewTest@c285f4]" name="afterTest" is-config="true" duration-ms="743" started-at="2020-10-27T22:09:14Z" finished-at="2020-10-27T22:09:15Z">
          <reporter-output>
          </reporter-output>
        </test-method> <!-- afterTest -->
      </class> <!-- module.NewTest -->
    </test> <!-- Test -->
  </suite> <!-- Suite -->
</testng-results>
